#
# A fatal error has been detected by the Java Runtime Environment:
#
#  EXCEPTION_ACCESS_VIOLATION (0xc0000005) at pc=0x5973a69d, pid=8248, tid=7432
#
# JRE version: Java(TM) SE Runtime Environment (8.0_60-b27) (build 1.8.0_60-b27)
# Java VM: Java HotSpot(TM) Client VM (25.60-b23 mixed mode windows-x86 )
# Problematic frame:
# V  [jvm.dll+0xca69d]
#
# Failed to write core dump. Minidumps are not enabled by default on client versions of Windows
#
# If you would like to submit a bug report, please visit:
#   http://bugreport.java.com/bugreport/crash.jsp
#

---------------  T H R E A D  ---------------

Current thread (0x14a48000):  JavaThread "JDWP Transport Listener: dt_socket" daemon [_thread_in_vm, id=7432, stack(0x15250000,0x152a0000)]

siginfo: ExceptionCode=0xc0000005, reading address 0x74736554

Registers:
EAX=0x74736554, EBX=0x00000000, ECX=0x74736554, EDX=0x00000000
ESP=0x1529f6f8, EBP=0x1529f6fc, ESI=0x14a48000, EDI=0x00cc87f0
EIP=0x5973a69d, EFLAGS=0x00010202

Top of Stack: (sp=0x1529f6f8)
0x1529f6f8:   14a48000 1529f724 59897724 74736554
0x1529f708:   1529f7dc 1529f75f 14a48000 00000000
0x1529f718:   00000000 00000000 14a48000 1529f760
0x1529f728:   73e59f80 00cc87f0 74736554 1529f75f
0x1529f738:   74736554 73e4436d 74736554 1529f75f
0x1529f748:   00000002 00000000 00000000 00000009
0x1529f758:   00000000 0074b858 1529f780 73e444e0
0x1529f768:   00000001 1529f79c 1529f7d8 1581c768 

Instructions: (pc=0x5973a69d)
0x5973a67d:   5d c3 52 e8 5b f9 ff ff 5d c3 cc cc cc cc cc cc
0x5973a68d:   cc cc cc 55 8b ec 8b 45 08 85 c0 75 02 5d c3 56
0x5973a69d:   8b 30 85 f6 74 17 83 fe 37 74 12 8b 06 8b 50 08
0x5973a6ad:   8b ce ff d2 84 c0 74 05 8b c6 5e 5d c3 33 c0 5e 


Register to memory mapping:

EAX=0x74736554 is an unknown value
EBX=0x00000000 is an unknown value
ECX=0x74736554 is an unknown value
EDX=0x00000000 is an unknown value
ESP=0x1529f6f8 is pointing into the stack for thread: 0x14a48000
EBP=0x1529f6fc is pointing into the stack for thread: 0x14a48000
ESI=0x14a48000 is a thread
EDI=0x00cc87f0 is an unknown value


Stack: [0x15250000,0x152a0000],  sp=0x1529f6f8,  free space=317k
Native frames: (J=compiled Java code, j=interpreted, Vv=VM code, C=native code)
V  [jvm.dll+0xca69d]
V  [jvm.dll+0x227724]
C  [jdwp.dll+0x19f80]
C  [jdwp.dll+0x44e0]
C  [jdwp.dll+0x451e]
C  0x6c697475


---------------  P R O C E S S  ---------------

Java Threads: ( => current thread )
  0x14ad7800 JavaThread "Timer-0" [_thread_blocked, id=4312, stack(0x156f0000,0x15740000)]
  0x14a7fc00 JavaThread "Service Thread" daemon [_thread_blocked, id=7260, stack(0x154a0000,0x154f0000)]
  0x14a58800 JavaThread "C1 CompilerThread0" daemon [_thread_blocked, id=9092, stack(0x14cb0000,0x14d00000)]
  0x14a50000 JavaThread "JDWP Command Reader" daemon [_thread_in_native, id=1668, stack(0x15410000,0x15460000)]
  0x14a4b400 JavaThread "JDWP Event Helper Thread" daemon [_thread_blocked, id=7672, stack(0x15310000,0x15360000)]
=>0x14a48000 JavaThread "JDWP Transport Listener: dt_socket" daemon [_thread_in_vm, id=7432, stack(0x15250000,0x152a0000)]
  0x14a3ac00 JavaThread "Attach Listener" daemon [_thread_blocked, id=8744, stack(0x14e10000,0x14e60000)]
  0x14a23800 JavaThread "Signal Dispatcher" daemon [_thread_blocked, id=8464, stack(0x012c0000,0x01310000)]
  0x149f6400 JavaThread "Finalizer" daemon [_thread_blocked, id=6928, stack(0x00d80000,0x00dd0000)]
  0x149f1000 JavaThread "Reference Handler" daemon [_thread_blocked, id=7624, stack(0x14c50000,0x14ca0000)]
  0x00ccd400 JavaThread "main" [_thread_in_native, id=544, stack(0x00de0000,0x00e30000)]

Other Threads:
  0x149eb400 VMThread [stack: 0x148c0000,0x14910000] [id=4148]
  0x14ad1c00 WatcherThread [stack: 0x15160000,0x151b0000] [id=5572]

VM state:not at safepoint (normal execution)

VM Mutex/Monitor currently owned by a thread: None

Heap:
 def new generation   total 4928K, used 689K [0x04800000, 0x04d50000, 0x09d50000)
  eden space 4416K,   4% used [0x04800000, 0x0482c480, 0x04c50000)
  from space 512K, 100% used [0x04cd0000, 0x04d50000, 0x04d50000)
  to   space 512K,   0% used [0x04c50000, 0x04c50000, 0x04cd0000)
 tenured generation   total 10944K, used 4129K [0x09d50000, 0x0a800000, 0x14800000)
   the space 10944K,  37% used [0x09d50000, 0x0a1587d0, 0x0a158800, 0x0a800000)
 Metaspace       used 6279K, capacity 6462K, committed 6528K, reserved 6528K

Card table byte_map: [0x00bb0000,0x00c40000] byte_map_base: 0x00b8c000

Polling page: 0x00200000

CodeCache: size=32768Kb used=1378Kb max_used=1378Kb free=31389Kb
 bounds [0x02770000, 0x028d0000, 0x04770000]
 total_blobs=613 nmethods=441 adapters=111
 compilation: enabled

Compilation events (10 events):
Event: 3.658 Thread 0x14a58800  437             org.apache.commons.collections.iterators.AbstractIteratorDecorator::hasNext (10 bytes)
Event: 3.658 Thread 0x14a58800 nmethod 437 0x028c4a88 code [0x028c4b90, 0x028c4c2c]
Event: 3.659 Thread 0x14a58800  439             org.apache.commons.beanutils.expression.DefaultResolver::next (123 bytes)
Event: 3.660 Thread 0x14a58800 nmethod 439 0x028c4f08 code [0x028c5050, 0x028c52c0]
Event: 13.500 Thread 0x14a58800  440             java.lang.Class::getName (21 bytes)
Event: 13.500 Thread 0x14a58800 nmethod 440 0x028c5548 code [0x028c5640, 0x028c56fc]
Event: 19.373 Thread 0x14a58800  441             sun.reflect.ByteVectorImpl::get (26 bytes)
Event: 19.373 Thread 0x14a58800 nmethod 441 0x028c5788 code [0x028c5890, 0x028c596c]
Event: 19.382 Thread 0x14a58800  442             sun.nio.cs.UTF_8$Encoder::encodeArrayLoop (489 bytes)
Event: 19.385 Thread 0x14a58800 nmethod 442 0x028c5a48 code [0x028c5df0, 0x028c6b5c]

GC Heap History (10 events):
Event: 0.374 GC heap before
{Heap before GC invocations=0 (full 0):
 def new generation   total 4928K, used 4416K [0x04800000, 0x04d50000, 0x09d50000)
  eden space 4416K, 100% used [0x04800000, 0x04c50000, 0x04c50000)
  from space 512K,   0% used [0x04c50000, 0x04c50000, 0x04cd0000)
  to   space 512K,   0% used [0x04cd0000, 0x04cd0000, 0x04d50000)
 tenured generation   total 10944K, used 0K [0x09d50000, 0x0a800000, 0x14800000)
   the space 10944K,   0% used [0x09d50000, 0x09d50000, 0x09d50200, 0x0a800000)
 Metaspace       used 3544K, capacity 3729K, committed 3776K, reserved 4480K
Event: 0.378 GC heap after
Heap after GC invocations=1 (full 0):
 def new generation   total 4928K, used 512K [0x04800000, 0x04d50000, 0x09d50000)
  eden space 4416K,   0% used [0x04800000, 0x04800000, 0x04c50000)
  from space 512K, 100% used [0x04cd0000, 0x04d50000, 0x04d50000)
  to   space 512K,   0% used [0x04c50000, 0x04c50000, 0x04cd0000)
 tenured generation   total 10944K, used 841K [0x09d50000, 0x0a800000, 0x14800000)
   the space 10944K,   7% used [0x09d50000, 0x09e22508, 0x09e22600, 0x0a800000)
 Metaspace       used 3544K, capacity 3729K, committed 3776K, reserved 4480K
}
Event: 0.654 GC heap before
{Heap before GC invocations=1 (full 0):
 def new generation   total 4928K, used 4928K [0x04800000, 0x04d50000, 0x09d50000)
  eden space 4416K, 100% used [0x04800000, 0x04c50000, 0x04c50000)
  from space 512K, 100% used [0x04cd0000, 0x04d50000, 0x04d50000)
  to   space 512K,   0% used [0x04c50000, 0x04c50000, 0x04cd0000)
 tenured generation   total 10944K, used 841K [0x09d50000, 0x0a800000, 0x14800000)
   the space 10944K,   7% used [0x09d50000, 0x09e22508, 0x09e22600, 0x0a800000)
 Metaspace       used 4362K, capacity 4534K, committed 4608K, reserved 5504K
Event: 0.658 GC heap after
Heap after GC invocations=2 (full 0):
 def new generation   total 4928K, used 512K [0x04800000, 0x04d50000, 0x09d50000)
  eden space 4416K,   0% used [0x04800000, 0x04800000, 0x04c50000)
  from space 512K, 100% used [0x04c50000, 0x04cd0000, 0x04cd0000)
  to   space 512K,   0% used [0x04cd0000, 0x04cd0000, 0x04d50000)
 tenured generation   total 10944K, used 1415K [0x09d50000, 0x0a800000, 0x14800000)
   the space 10944K,  12% used [0x09d50000, 0x09eb1e90, 0x09eb2000, 0x0a800000)
 Metaspace       used 4362K, capacity 4534K, committed 4608K, reserved 5504K
}
Event: 0.700 GC heap before
{Heap before GC invocations=2 (full 0):
 def new generation   total 4928K, used 4928K [0x04800000, 0x04d50000, 0x09d50000)
  eden space 4416K, 100% used [0x04800000, 0x04c50000, 0x04c50000)
  from space 512K, 100% used [0x04c50000, 0x04cd0000, 0x04cd0000)
  to   space 512K,   0% used [0x04cd0000, 0x04cd0000, 0x04d50000)
 tenured generation   total 10944K, used 1415K [0x09d50000, 0x0a800000, 0x14800000)
   the space 10944K,  12% used [0x09d50000, 0x09eb1e90, 0x09eb2000, 0x0a800000)
 Metaspace       used 4412K, capacity 4600K, committed 4736K, reserved 5504K
Event: 0.703 GC heap after
Heap after GC invocations=3 (full 0):
 def new generation   total 4928K, used 511K [0x04800000, 0x04d50000, 0x09d50000)
  eden space 4416K,   0% used [0x04800000, 0x04800000, 0x04c50000)
  from space 512K,  99% used [0x04cd0000, 0x04d4fff8, 0x04d50000)
  to   space 512K,   0% used [0x04c50000, 0x04c50000, 0x04cd0000)
 tenured generation   total 10944K, used 2527K [0x09d50000, 0x0a800000, 0x14800000)
   the space 10944K,  23% used [0x09d50000, 0x09fc7f68, 0x09fc8000, 0x0a800000)
 Metaspace       used 4412K, capacity 4600K, committed 4736K, reserved 5504K
}
Event: 1.021 GC heap before
{Heap before GC invocations=3 (full 0):
 def new generation   total 4928K, used 4905K [0x04800000, 0x04d50000, 0x09d50000)
  eden space 4416K,  99% used [0x04800000, 0x04c4a7f0, 0x04c50000)
  from space 512K,  99% used [0x04cd0000, 0x04d4fff8, 0x04d50000)
  to   space 512K,   0% used [0x04c50000, 0x04c50000, 0x04cd0000)
 tenured generation   total 10944K, used 2527K [0x09d50000, 0x0a800000, 0x14800000)
   the space 10944K,  23% used [0x09d50000, 0x09fc7f68, 0x09fc8000, 0x0a800000)
 Metaspace       used 5377K, capacity 5570K, committed 5632K, reserved 6528K
Event: 1.023 GC heap after
Heap after GC invocations=4 (full 0):
 def new generation   total 4928K, used 512K [0x04800000, 0x04d50000, 0x09d50000)
  eden space 4416K,   0% used [0x04800000, 0x04800000, 0x04c50000)
  from space 512K, 100% used [0x04c50000, 0x04cd0000, 0x04cd0000)
  to   space 512K,   0% used [0x04cd0000, 0x04cd0000, 0x04d50000)
 tenured generation   total 10944K, used 3368K [0x09d50000, 0x0a800000, 0x14800000)
   the space 10944K,  30% used [0x09d50000, 0x0a09a2c8, 0x0a09a400, 0x0a800000)
 Metaspace       used 5377K, capacity 5570K, committed 5632K, reserved 6528K
}
Event: 18.853 GC heap before
{Heap before GC invocations=4 (full 0):
 def new generation   total 4928K, used 4928K [0x04800000, 0x04d50000, 0x09d50000)
  eden space 4416K, 100% used [0x04800000, 0x04c50000, 0x04c50000)
  from space 512K, 100% used [0x04c50000, 0x04cd0000, 0x04cd0000)
  to   space 512K,   0% used [0x04cd0000, 0x04cd0000, 0x04d50000)
 tenured generation   total 10944K, used 3368K [0x09d50000, 0x0a800000, 0x14800000)
   the space 10944K,  30% used [0x09d50000, 0x0a09a2c8, 0x0a09a400, 0x0a800000)
 Metaspace       used 6257K, capacity 6420K, committed 6528K, reserved 6528K
Event: 18.856 GC heap after
Heap after GC invocations=5 (full 0):
 def new generation   total 4928K, used 512K [0x04800000, 0x04d50000, 0x09d50000)
  eden space 4416K,   0% used [0x04800000, 0x04800000, 0x04c50000)
  from space 512K, 100% used [0x04cd0000, 0x04d50000, 0x04d50000)
  to   space 512K,   0% used [0x04c50000, 0x04c50000, 0x04cd0000)
 tenured generation   total 10944K, used 4129K [0x09d50000, 0x0a800000, 0x14800000)
   the space 10944K,  37% used [0x09d50000, 0x0a1587d0, 0x0a158800, 0x0a800000)
 Metaspace       used 6257K, capacity 6420K, committed 6528K, reserved 6528K
}

Deoptimization events (0 events):
No events

Internal exceptions (10 events):
Event: 1.007 Thread 0x00ccd400 Exception <a 'java/security/PrivilegedActionException'> (0x04be76b8) thrown at [D:\re\puppet\workspace\8-2-build-windows-i586-cygwin\jdk8u60\4407\hotspot\src\share\vm\prims\jvm.cpp, line 1386]
Event: 1.008 Thread 0x00ccd400 Exception <a 'java/security/PrivilegedActionException'> (0x04be78b8) thrown at [D:\re\puppet\workspace\8-2-build-windows-i586-cygwin\jdk8u60\4407\hotspot\src\share\vm\prims\jvm.cpp, line 1386]
Event: 1.012 Thread 0x00ccd400 Exception <a 'java/lang/NoClassDefFoundError': org/apache/log4j/Category> (0x04c15ee0) thrown at [D:\re\puppet\workspace\8-2-build-windows-i586-cygwin\jdk8u60\4407\hotspot\src\share\vm\classfile\systemDictionary.cpp, line 199]
Event: 3.573 Thread 0x00ccd400 Exception <a 'java/lang/ClassNotFoundException': com/tbea/ic/contacts/DepartmentBeanInfo> (0x04bc2110) thrown at [D:\re\puppet\workspace\8-2-build-windows-i586-cygwin\jdk8u60\4407\hotspot\src\share\vm\classfile\systemDictionary.cpp, line 210]
Event: 3.573 Thread 0x00ccd400 Exception <a 'java/lang/ClassNotFoundException': java/lang/ObjectBeanInfo> (0x04bc3b70) thrown at [D:\re\puppet\workspace\8-2-build-windows-i586-cygwin\jdk8u60\4407\hotspot\src\share\vm\classfile\systemDictionary.cpp, line 210]
Event: 3.575 Thread 0x00ccd400 Exception <a 'java/lang/ClassNotFoundException': java/lang/ObjectCustomizer> (0x04bc5720) thrown at [D:\re\puppet\workspace\8-2-build-windows-i586-cygwin\jdk8u60\4407\hotspot\src\share\vm\classfile\systemDictionary.cpp, line 210]
Event: 3.608 Thread 0x00ccd400 Exception <a 'java/lang/ArrayIndexOutOfBoundsException': 18> (0x04bc7348) thrown at [D:\re\puppet\workspace\8-2-build-windows-i586-cygwin\jdk8u60\4407\hotspot\src\share\vm\interpreter\interpreterRuntime.cpp, line 366]
Event: 3.614 Thread 0x00ccd400 Exception <a 'java/lang/ArrayIndexOutOfBoundsException': 22> (0x04bca188) thrown at [D:\re\puppet\workspace\8-2-build-windows-i586-cygwin\jdk8u60\4407\hotspot\src\share\vm\interpreter\interpreterRuntime.cpp, line 366]
Event: 3.618 Thread 0x00ccd400 Exception <a 'java/lang/ArrayIndexOutOfBoundsException': 160> (0x04bcc1c0) thrown at [D:\re\puppet\workspace\8-2-build-windows-i586-cygwin\jdk8u60\4407\hotspot\src\share\vm\interpreter\interpreterRuntime.cpp, line 366]
Event: 3.626 Thread 0x00ccd400 Exception <a 'java/lang/ClassNotFoundException': com/tbea/ic/contacts/DepartmentCustomizer> (0x04bd1ce0) thrown at [D:\re\puppet\workspace\8-2-build-windows-i586-cygwin\jdk8u60\4407\hotspot\src\share\vm\classfile\systemDictionary.cpp, line 210]

Events (10 events):
Event: 20.866 Executing VM operation: ChangeSingleStep
Event: 20.866 Executing VM operation: ChangeSingleStep done
Event: 20.866 Executing VM operation: ChangeSingleStep
Event: 20.866 Executing VM operation: ChangeSingleStep done
Event: 510.117 Executing VM operation: RedefineClasses
Event: 510.119 Executing VM operation: RedefineClasses done
Event: 664.114 Executing VM operation: RedefineClasses
Event: 664.116 Executing VM operation: RedefineClasses done
Event: 808.159 Executing VM operation: RedefineClasses
Event: 808.160 Executing VM operation: RedefineClasses done


Dynamic libraries:
0x01330000 - 0x01363000 	C:\Program Files (x86)\Java\jre1.8.0_60\bin\javaw.exe
0x77c00000 - 0x77d80000 	C:\Windows\SysWOW64\ntdll.dll
0x77110000 - 0x77220000 	C:\Windows\syswow64\kernel32.dll
0x76160000 - 0x761a7000 	C:\Windows\syswow64\KERNELBASE.dll
0x761b0000 - 0x76250000 	C:\Windows\syswow64\ADVAPI32.dll
0x77720000 - 0x777cc000 	C:\Windows\syswow64\msvcrt.dll
0x77400000 - 0x77419000 	C:\Windows\SysWOW64\sechost.dll
0x75a00000 - 0x75af0000 	C:\Windows\syswow64\RPCRT4.dll
0x75720000 - 0x75780000 	C:\Windows\syswow64\SspiCli.dll
0x75710000 - 0x7571c000 	C:\Windows\syswow64\CRYPTBASE.dll
0x75f00000 - 0x76000000 	C:\Windows\syswow64\USER32.dll
0x77080000 - 0x77110000 	C:\Windows\syswow64\GDI32.dll
0x76090000 - 0x7609a000 	C:\Windows\syswow64\LPK.dll
0x77500000 - 0x7759d000 	C:\Windows\syswow64\USP10.dll
0x736a0000 - 0x7383e000 	C:\Windows\WinSxS\x86_microsoft.windows.common-controls_6595b64144ccf1df_6.0.7601.18837_none_41e855142bd5705d\COMCTL32.dll
0x77420000 - 0x77477000 	C:\Windows\syswow64\SHLWAPI.dll
0x75af0000 - 0x75b50000 	C:\Windows\system32\IMM32.DLL
0x75780000 - 0x7584c000 	C:\Windows\syswow64\MSCTF.dll
0x59250000 - 0x5930f000 	C:\Program Files (x86)\Java\jre1.8.0_60\bin\msvcr100.dll
0x59670000 - 0x59a35000 	C:\Program Files (x86)\Java\jre1.8.0_60\bin\client\jvm.dll
0x70750000 - 0x70757000 	C:\Windows\system32\WSOCK32.dll
0x75ec0000 - 0x75ef5000 	C:\Windows\syswow64\WS2_32.dll
0x77710000 - 0x77716000 	C:\Windows\syswow64\NSI.dll
0x73ac0000 - 0x73af2000 	C:\Windows\system32\WINMM.dll
0x75550000 - 0x75559000 	C:\Windows\system32\VERSION.dll
0x776a0000 - 0x776a5000 	C:\Windows\syswow64\PSAPI.DLL
0x60010000 - 0x6001c000 	C:\Program Files (x86)\Java\jre1.8.0_60\bin\verify.dll
0x59de0000 - 0x59e01000 	C:\Program Files (x86)\Java\jre1.8.0_60\bin\java.dll
0x73e40000 - 0x73e69000 	C:\Program Files (x86)\Java\jre1.8.0_60\bin\jdwp.dll
0x73e30000 - 0x73e37000 	C:\Program Files (x86)\Java\jre1.8.0_60\bin\npt.dll
0x59dc0000 - 0x59dd3000 	C:\Program Files (x86)\Java\jre1.8.0_60\bin\zip.dll
0x76260000 - 0x76eab000 	C:\Windows\syswow64\SHELL32.dll
0x75d60000 - 0x75ebc000 	C:\Windows\syswow64\ole32.dll
0x75510000 - 0x7551b000 	C:\Windows\system32\profapi.dll
0x73e20000 - 0x73e28000 	C:\Program Files (x86)\Java\jre1.8.0_60\bin\dt_socket.dll
0x6f0a0000 - 0x6f0b0000 	C:\Windows\system32\NLAapi.dll
0x6f090000 - 0x6f0a0000 	C:\Windows\system32\napinsp.dll
0x6ef90000 - 0x6efa2000 	C:\Windows\system32\pnrpnsp.dll
0x734d0000 - 0x7350c000 	C:\Windows\System32\mswsock.dll
0x738d0000 - 0x73914000 	C:\Windows\system32\DNSAPI.dll
0x6ef80000 - 0x6ef88000 	C:\Windows\System32\winrnr.dll
0x6ef70000 - 0x6ef7d000 	C:\Windows\system32\wshbth.dll
0x73c80000 - 0x73c9c000 	C:\Windows\system32\IPHLPAPI.DLL
0x73c70000 - 0x73c77000 	C:\Windows\system32\WINNSI.DLL
0x6ef10000 - 0x6ef48000 	C:\Windows\System32\fwpuclnt.dll
0x6ef50000 - 0x6ef56000 	C:\Windows\system32\rasadhlp.dll
0x70740000 - 0x70745000 	C:\Windows\System32\wshtcpip.dll
0x587c0000 - 0x587e0000 	C:\Program Files (x86)\Java\jre1.8.0_60\bin\sunec.dll
0x71390000 - 0x713a6000 	C:\Windows\system32\CRYPTSP.dll
0x71350000 - 0x7138b000 	C:\Windows\system32\rsaenh.dll
0x75520000 - 0x75537000 	C:\Windows\system32\USERENV.dll
0x5c8b0000 - 0x5c8c5000 	C:\Program Files (x86)\Java\jre1.8.0_60\bin\net.dll
0x6ef60000 - 0x6ef66000 	C:\Windows\System32\wship6.dll
0x73510000 - 0x7351d000 	C:\Windows\system32\dhcpcsvc6.DLL
0x73a60000 - 0x73a72000 	C:\Windows\system32\dhcpcsvc.DLL
0x62960000 - 0x6296f000 	C:\Program Files (x86)\Java\jre1.8.0_60\bin\nio.dll
0x6f0e0000 - 0x6f1cb000 	C:\Windows\system32\dbghelp.dll

VM Arguments:
jvm_args: -agentlib:jdwp=transport=dt_socket,suspend=y,address=localhost:5035 -Dfile.encoding=utf-8 
java_command: com.SDKTest
java_class_path (initial): C:\Users\Floyd\web\workspaceNew\wexinsdk\target\classes;C:\Users\Floyd\web\workspaceNew\wexinsdk\src\lib\commons-codec-1.10.jar;C:\Users\Floyd\.m2\repository\net\sf\json-lib\json-lib\2.4\json-lib-2.4-jdk15.jar;C:\Users\Floyd\.m2\repository\commons-beanutils\commons-beanutils\1.8.0\commons-beanutils-1.8.0.jar;C:\Users\Floyd\.m2\repository\commons-collections\commons-collections\3.2.1\commons-collections-3.2.1.jar;C:\Users\Floyd\.m2\repository\commons-lang\commons-lang\2.5\commons-lang-2.5.jar;C:\Users\Floyd\.m2\repository\commons-logging\commons-logging\1.1.1\commons-logging-1.1.1.jar;C:\Users\Floyd\.m2\repository\net\sf\ezmorph\ezmorph\1.0.6\ezmorph-1.0.6.jar
Launcher Type: SUN_STANDARD

Environment Variables:
JAVA_HOME=C:\Program Files (x86)\Java\jdk1.8.0_05
CLASSPATH=.;C:\Program Files (x86)\Java\jdk1.8.0_05\lib;C:\Program Files (x86)\Java\jdk1.8.0_05\jre\lib
PATH=C:/Program Files (x86)/Java/jre1.8.0_60/bin/client;C:/Program Files (x86)/Java/jre1.8.0_60/bin;C:/Program Files (x86)/Java/jre1.8.0_60/lib/i386;C:\ProgramData\Oracle\Java\javapath;E:\PHP\;C:\Program Files (x86)\AMD APP\bin\x86_64;C:\Program Files (x86)\AMD APP\bin\x86;C:\Program Files (x86)\Intel\iCLS Client\;C:\Program Files\Intel\iCLS Client\;C:\Windows\system32;C:\Windows;C:\Windows\System32\Wbem;C:\Windows\System32\WindowsPowerShell\v1.0\;C:\Program Files\Intel\Intel(R) Management Engine Components\DAL;C:\Program Files\Intel\Intel(R) Management Engine Components\IPT;C:\Program Files (x86)\Intel\Intel(R) Management Engine Components\DAL;C:\Program Files (x86)\Intel\Intel(R) Management Engine Components\IPT;C:\Program Files (x86)\ATI Technologies\ATI.ACE\Core-Static;C:\Program Files (x86)\Java\jdk1.8.0_05\bin;C:\Program Files (x86)\Microsoft SQL Server\100\Tools\Binn\;C:\Program Files\Microsoft SQL Server\100\Tools\Binn\;C:\Program Files\Microsoft SQL Server\100\DTS\Binn\;E:\apache-maven-3.2.3\bin;%CATALINA_HOME%\lib;%CATALINA_HOME%\bin;C:\Program Files (x86)\nodejs\;C:\Program Files\Microsoft SQL Server\110\DTS\Binn\;C:\Program Files (x86)\Microsoft SQL Server\110\Tools\Binn\;C:\Program Files\Microsoft SQL Server\110\Tools\Binn\;C:\Program Files (x86)\Microsoft SQL Server\110\Tools\Binn\ManagementStudio\;C:\Program Files (x86)\Microsoft Visual Studio 10.0\Common7\IDE\PrivateAssemblies\;C:\Program Files (x86)\Microsoft SQL Server\110\DTS\Binn\;C:\Program Files (x86)\Windows Kits\8.1\Windows Performance Toolkit\;C:\Program Files (x86)\Microsoft SDKs\TypeScript\1.0\;C:\Program Files\TortoiseSVN\bin;C:\Program Files\WIDCOMM\Bluetooth Software\;C:\Program Files\WIDCOMM\Bluetooth Software\syswow64;C:\Program Files (x86)\Microsoft SQL Server\90\Tools\binn\;D:\Program Files (x86)\OpenVPN\bin;C:\Users\Floyd\AppData\Roaming\npm;D:\Program Files (x86)\SSH Communications Security\SSH Secure Shell;E:\eclipse\eclipse-jee-luna-SR1-win32\eclipse;
USERNAME=Floyd
OS=Windows_NT
PROCESSOR_IDENTIFIER=Intel64 Family 6 Model 58 Stepping 9, GenuineIntel



---------------  S Y S T E M  ---------------

OS: Windows 7 , 64 bit Build 7601 (6.1.7601.18933)

CPU:total 4 (4 cores per cpu, 1 threads per core) family 6 model 58 stepping 9, cmov, cx8, fxsr, mmx, sse, sse2, sse3, ssse3, sse4.1, sse4.2, popcnt, avx, aes, clmul, erms, tsc, tscinvbit, tscinv

Memory: 4k page, physical 4147760k(460572k free), swap 8293680k(2675824k free)

vm_info: Java HotSpot(TM) Client VM (25.60-b23) for windows-x86 JRE (1.8.0_60-b27), built on Aug  4 2015 10:57:40 by "java_re" with MS VC++ 10.0 (VS2010)

time: Fri Jan 08 12:01:56 2016
elapsed time: 808 seconds (0d 0h 13m 28s)

